<?xml version="1.0" encoding="UTF-8"?>
<testng-results ignored="0" total="1" passed="1" failed="0" skipped="0">
  <reporter-output>
  </reporter-output>
  <suite started-at="2024-06-21T11:31:33 IST" name="Default suite" finished-at="2024-06-21T11:32:42 IST" duration-ms="69340">
    <groups>
    </groups>
    <test started-at="2024-06-21T11:31:33 IST" name="Default test" finished-at="2024-06-21T11:32:42 IST" duration-ms="69340">
      <class name="test.mySiteBook.testMySiteBook">
        <test-method is-config="true" signature="launchApplication()[pri:0, instance:test.mySiteBook.testMySiteBook@5d7148e2]" started-at="2024-06-21T11:31:33 IST" name="launchApplication" finished-at="2024-06-21T11:31:34 IST" duration-ms="1564" status="PASS">
          <reporter-output>
          </reporter-output>
        </test-method> <!-- launchApplication -->
        <test-method signature="validation()[pri:0, instance:test.mySiteBook.testMySiteBook@5d7148e2]" started-at="2024-06-21T11:31:34 IST" name="validation" finished-at="2024-06-21T11:32:42 IST" duration-ms="67743" status="PASS">
          <reporter-output>
          </reporter-output>
        </test-method> <!-- validation -->
      </class> <!-- test.mySiteBook.testMySiteBook -->
    </test> <!-- Default test -->
  </suite> <!-- Default suite -->
</testng-results>
